<?xml version="1.0" encoding="UTF-8"?>
<robot generator="Robot 7.2.2 (Python 3.13.2 on win32)" generated="2025-03-30T21:19:14.171274" rpa="false" schemaversion="5">
<suite id="s1" name="HOUSFY" source="E:\QA\TAU\HOUSFY">
<suite id="s1-s1" name="Standard User" source="E:\QA\TAU\HOUSFY\standard_user.robot">
<test id="s1-s1-t1" name="Navigate to main page" line="16">
<kw name="Open Browser" owner="SeleniumLibrary">
<msg time="2025-03-30T21:19:14.401915" level="INFO">Opening browser 'Chrome' to base url 'https://www.saucedemo.com/'.</msg>
<arg>${SiteUrl}</arg>
<arg>${Browser}</arg>
<doc>Opens a new browser instance to the optional ``url``.</doc>
<status status="PASS" start="2025-03-30T21:19:14.401530" elapsed="1.645428"/>
</kw>
<status status="PASS" start="2025-03-30T21:19:14.400359" elapsed="1.647031"/>
</test>
<test id="s1-s1-t2" name="Test standard_user login" line="19">
<kw name="Enter username">
<kw name="Input Text" owner="SeleniumLibrary">
<msg time="2025-03-30T21:19:16.049427" level="INFO">Typing text 'standard_user' into text field 'css:[data-test="username"]'.</msg>
<arg>css:[data-test="username"]</arg>
<arg>${userid}</arg>
<doc>Types the given ``text`` into the text field identified by ``locator``.</doc>
<status status="PASS" start="2025-03-30T21:19:16.049051" elapsed="0.055807"/>
</kw>
<status status="PASS" start="2025-03-30T21:19:16.048664" elapsed="0.056391"/>
</kw>
<kw name="Enter password">
<kw name="Input Password" owner="SeleniumLibrary">
<msg time="2025-03-30T21:19:16.106010" level="INFO">Typing password into text field 'css:[data-test="password"]'.</msg>
<msg time="2025-03-30T21:19:16.123195" level="INFO">Temporally setting log level to: NONE</msg>
<arg>css:[data-test="password"]</arg>
<arg>${password}</arg>
<doc>Types the given password into the text field identified by ``locator``.</doc>
<status status="PASS" start="2025-03-30T21:19:16.105722" elapsed="0.045558"/>
</kw>
<status status="PASS" start="2025-03-30T21:19:16.105345" elapsed="0.046105"/>
</kw>
<kw name="Click login button">
<kw name="Click Button" owner="SeleniumLibrary">
<msg time="2025-03-30T21:19:16.152457" level="INFO">Clicking button 'css:[data-test="login-button"]'.</msg>
<arg>css:[data-test="login-button"]</arg>
<doc>Clicks the button identified by ``locator``.</doc>
<status status="PASS" start="2025-03-30T21:19:16.152205" elapsed="0.055472"/>
</kw>
<status status="PASS" start="2025-03-30T21:19:16.151802" elapsed="0.056058"/>
</kw>
<status status="PASS" start="2025-03-30T21:19:16.048048" elapsed="0.160070"/>
</test>
<test id="s1-s1-t3" name="Add item to shopping cart" line="24">
<kw name="Add to cart item">
<kw name="Click Button" owner="SeleniumLibrary">
<msg time="2025-03-30T21:19:16.210266" level="INFO">Clicking button 'css:[data-test="add-to-cart-sauce-labs-backpack"]'.</msg>
<arg>css:[data-test="add-to-cart-sauce-labs-backpack"]</arg>
<doc>Clicks the button identified by ``locator``.</doc>
<status status="PASS" start="2025-03-30T21:19:16.210009" elapsed="0.044953"/>
</kw>
<status status="PASS" start="2025-03-30T21:19:16.209630" elapsed="0.045494"/>
</kw>
<kw name="Check cart items quantity">
<kw name="Wait Until Element Is Visible" owner="SeleniumLibrary">
<arg>${cart icon}</arg>
<doc>Waits until the element ``locator`` is visible.</doc>
<status status="PASS" start="2025-03-30T21:19:16.255870" elapsed="0.011312"/>
</kw>
<kw name="Get Text" owner="SeleniumLibrary">
<msg time="2025-03-30T21:19:16.277341" level="INFO">${cart number} = 1</msg>
<var>${cart number}</var>
<arg>${cart icon}</arg>
<doc>Returns the text value of the element identified by ``locator``.</doc>
<status status="PASS" start="2025-03-30T21:19:16.267384" elapsed="0.010083"/>
</kw>
<kw name="Should Be Equal As Numbers" owner="BuiltIn">
<arg>${cart number}</arg>
<arg>${wanted number}</arg>
<doc>Fails if objects are unequal after converting them to real numbers.</doc>
<status status="PASS" start="2025-03-30T21:19:16.277632" elapsed="0.000307"/>
</kw>
<status status="PASS" start="2025-03-30T21:19:16.255376" elapsed="0.022670"/>
</kw>
<status status="PASS" start="2025-03-30T21:19:16.208969" elapsed="0.069301"/>
</test>
<test id="s1-s1-t4" name="Navigate to shopping cart" line="28">
<kw name="Navigate to shopping cart">
<kw name="Click Link" owner="SeleniumLibrary">
<msg time="2025-03-30T21:19:16.280036" level="INFO">Clicking link 'css:[data-test="shopping-cart-link"]'.</msg>
<arg>css:[data-test="shopping-cart-link"]</arg>
<doc>Clicks a link identified by ``locator``.</doc>
<status status="PASS" start="2025-03-30T21:19:16.279816" elapsed="0.037283"/>
</kw>
<status status="PASS" start="2025-03-30T21:19:16.279543" elapsed="0.037713"/>
</kw>
<kw name="Check item added">
<kw name="Wait Until Element Is Visible" owner="SeleniumLibrary">
<arg>css:[data-test="inventory-item"]</arg>
<doc>Waits until the element ``locator`` is visible.</doc>
<status status="PASS" start="2025-03-30T21:19:16.317938" elapsed="0.011660"/>
</kw>
<status status="PASS" start="2025-03-30T21:19:16.317575" elapsed="0.012168"/>
</kw>
<status status="PASS" start="2025-03-30T21:19:16.279000" elapsed="0.050940"/>
</test>
<test id="s1-s1-t5" name="Navigate to Checkout page" line="32">
<kw name="Click checkout button">
<kw name="Click Button" owner="SeleniumLibrary">
<msg time="2025-03-30T21:19:16.331780" level="INFO">Clicking button 'css:[data-test="checkout"]'.</msg>
<arg>css:[data-test="checkout"]</arg>
<doc>Clicks the button identified by ``locator``.</doc>
<status status="PASS" start="2025-03-30T21:19:16.331548" elapsed="0.037695"/>
</kw>
<status status="PASS" start="2025-03-30T21:19:16.331274" elapsed="0.038119"/>
</kw>
<status status="PASS" start="2025-03-30T21:19:16.330722" elapsed="0.038946"/>
</test>
<test id="s1-s1-t6" name="Add Your Information Data" line="35">
<kw name="Enter personal data">
<kw name="Input Text" owner="SeleniumLibrary">
<msg time="2025-03-30T21:19:16.371601" level="INFO">Typing text 'Circenn' into text field 'css:[data-test="firstName"]'.</msg>
<arg>css:[data-test="firstName"]</arg>
<arg>${firstname}</arg>
<doc>Types the given ``text`` into the text field identified by ``locator``.</doc>
<status status="PASS" start="2025-03-30T21:19:16.371344" elapsed="0.041288"/>
</kw>
<kw name="Input Text" owner="SeleniumLibrary">
<msg time="2025-03-30T21:19:16.413226" level="INFO">Typing text 'Gomez' into text field 'css:[data-test="lastName"]'.</msg>
<arg>css:[data-test="lastName"]</arg>
<arg>${lastname}</arg>
<doc>Types the given ``text`` into the text field identified by ``locator``.</doc>
<status status="PASS" start="2025-03-30T21:19:16.412827" elapsed="0.038089"/>
</kw>
<kw name="Input Text" owner="SeleniumLibrary">
<msg time="2025-03-30T21:19:16.451522" level="INFO">Typing text '08015' into text field 'css:[data-test="postalCode"]'.</msg>
<arg>css:[data-test="postalCode"]</arg>
<arg>${poscode}</arg>
<doc>Types the given ``text`` into the text field identified by ``locator``.</doc>
<status status="PASS" start="2025-03-30T21:19:16.451107" elapsed="0.037881"/>
</kw>
<status status="PASS" start="2025-03-30T21:19:16.371015" elapsed="0.118119"/>
</kw>
<status status="PASS" start="2025-03-30T21:19:16.370427" elapsed="0.118915"/>
</test>
<test id="s1-s1-t7" name="Navigate to Overview page" line="38">
<kw name="Navigate to Overview page">
<kw name="Click Button" owner="SeleniumLibrary">
<msg time="2025-03-30T21:19:16.491243" level="INFO">Clicking button 'css:[data-test="continue"]'.</msg>
<arg>css:[data-test="continue"]</arg>
<doc>Clicks the button identified by ``locator``.</doc>
<status status="PASS" start="2025-03-30T21:19:16.490941" elapsed="0.038512"/>
</kw>
<status status="PASS" start="2025-03-30T21:19:16.490575" elapsed="0.039032"/>
</kw>
<status status="PASS" start="2025-03-30T21:19:16.489968" elapsed="0.039862"/>
</test>
<test id="s1-s1-t8" name="Check order and Finish" line="41">
<kw name="Check order">
<kw name="Wait Until Element Is Visible" owner="SeleniumLibrary">
<arg>css:[data-test="inventory-item"]</arg>
<doc>Waits until the element ``locator`` is visible.</doc>
<status status="PASS" start="2025-03-30T21:19:16.531303" elapsed="0.006438"/>
</kw>
<status status="PASS" start="2025-03-30T21:19:16.530959" elapsed="0.007028"/>
</kw>
<kw name="Finish order">
<kw name="Click Button" owner="SeleniumLibrary">
<msg time="2025-03-30T21:19:16.538788" level="INFO">Clicking button 'css:[data-test="finish"]'.</msg>
<arg>css:[data-test="finish"]</arg>
<doc>Clicks the button identified by ``locator``.</doc>
<status status="PASS" start="2025-03-30T21:19:16.538554" elapsed="0.040217"/>
</kw>
<status status="PASS" start="2025-03-30T21:19:16.538203" elapsed="0.040714"/>
</kw>
<status status="PASS" start="2025-03-30T21:19:16.530458" elapsed="0.048725"/>
</test>
<status status="PASS" start="2025-03-30T21:19:14.189419" elapsed="2.390665"/>
</suite>
<status status="PASS" start="2025-03-30T21:19:14.174341" elapsed="2.406776"/>
</suite>
<statistics>
<total>
<stat pass="8" fail="0" skip="0">All Tests</stat>
</total>
<tag>
</tag>
<suite>
<stat name="HOUSFY" id="s1" pass="8" fail="0" skip="0">HOUSFY</stat>
<stat name="Standard User" id="s1-s1" pass="8" fail="0" skip="0">HOUSFY.Standard User</stat>
</suite>
</statistics>
<errors>
</errors>
</robot>
