<?xml version="1.0" encoding="UTF-8"?>
<robot generator="Robot 7.2.2 (Python 3.13.2 on win32)" generated="2025-03-31T01:41:44.881514" rpa="false" schemaversion="5">
<suite id="s1" name="HOUSFY" source="E:\QA\TAU\HOUSFY">
<suite id="s1-s1" name="006.Performance User" source="E:\QA\TAU\HOUSFY\006.performance_user.robot">
<test id="s1-s1-t1" name="Navigate to main page" line="18">
<kw name="Open Browser" owner="SeleniumLibrary">
<msg time="2025-03-31T01:41:45.100330" level="INFO">Opening browser 'Chrome' to base url 'https://www.saucedemo.com/'.</msg>
<arg>${SiteUrl}</arg>
<arg>${Browser}</arg>
<doc>Opens a new browser instance to the optional ``url``.</doc>
<status status="PASS" start="2025-03-31T01:41:45.099972" elapsed="1.386540"/>
</kw>
<status status="PASS" start="2025-03-31T01:41:45.098898" elapsed="1.387982"/>
</test>
<test id="s1-s1-t2" name="Test user login" line="21">
<kw name="Enter user info">
<kw name="Get Time" owner="BuiltIn">
<msg time="2025-03-31T01:41:46.488883" level="INFO">${start_time} = 1743378106</msg>
<var>${start_time}</var>
<arg>epoch</arg>
<doc>Returns the given time in the requested format.</doc>
<status status="PASS" start="2025-03-31T01:41:46.488598" elapsed="0.000432"/>
</kw>
<kw name="Input Text" owner="SeleniumLibrary">
<msg time="2025-03-31T01:41:46.489573" level="INFO">Typing text 'performance_glitch_user' into text field 'css:[data-test="username"]'.</msg>
<arg>css:[data-test="username"]</arg>
<arg>${userid}</arg>
<doc>Types the given ``text`` into the text field identified by ``locator``.</doc>
<status status="PASS" start="2025-03-31T01:41:46.489166" elapsed="0.066751"/>
</kw>
<kw name="Input Password" owner="SeleniumLibrary">
<msg time="2025-03-31T01:41:46.556593" level="INFO">Typing password into text field 'css:[data-test="password"]'.</msg>
<msg time="2025-03-31T01:41:46.573859" level="INFO">Temporally setting log level to: NONE</msg>
<arg>css:[data-test="password"]</arg>
<arg>${password}</arg>
<doc>Types the given password into the text field identified by ``locator``.</doc>
<status status="PASS" start="2025-03-31T01:41:46.556118" elapsed="0.044977"/>
</kw>
<kw name="Click Button" owner="SeleniumLibrary">
<msg time="2025-03-31T01:41:46.601693" level="INFO">Clicking button 'css:[data-test="login-button"]'.</msg>
<arg>css:[data-test="login-button"]</arg>
<doc>Clicks the button identified by ``locator``.</doc>
<status status="PASS" start="2025-03-31T01:41:46.601342" elapsed="5.057698"/>
</kw>
<kw name="Wait Until Location Is" owner="SeleniumLibrary">
<arg>https://www.saucedemo.com/inventory.html</arg>
<arg>timeout=10</arg>
<doc>Waits until the current URL is ``expected``.</doc>
<status status="PASS" start="2025-03-31T01:41:51.659239" elapsed="0.002678"/>
</kw>
<kw name="Get Time" owner="BuiltIn">
<msg time="2025-03-31T01:41:51.662348" level="INFO">${end_time} = 1743378111</msg>
<var>${end_time}</var>
<arg>epoch</arg>
<doc>Returns the given time in the requested format.</doc>
<status status="PASS" start="2025-03-31T01:41:51.662066" elapsed="0.000449"/>
</kw>
<kw name="Evaluate" owner="BuiltIn">
<msg time="2025-03-31T01:41:51.662964" level="INFO">${responde_time} = 5</msg>
<var>${responde_time}</var>
<arg>${end_time} - ${start_time}</arg>
<doc>Evaluates the given expression in Python and returns the result.</doc>
<status status="PASS" start="2025-03-31T01:41:51.662637" elapsed="0.000522"/>
</kw>
<kw name="Log To Console" owner="BuiltIn">
<arg>Respond time: ${responde_time} seconds</arg>
<doc>Logs the given message to the console.</doc>
<status status="PASS" start="2025-03-31T01:41:51.663379" elapsed="0.000595"/>
</kw>
<kw name="Should Be True" owner="BuiltIn">
<msg time="2025-03-31T01:41:51.664574" level="FAIL">'5 &lt; 2' should be true.</msg>
<arg>${responde_time} &lt; ${timeout}</arg>
<doc>Fails if the given condition is not true.</doc>
<status status="FAIL" start="2025-03-31T01:41:51.664189" elapsed="0.000720">'5 &lt; 2' should be true.</status>
</kw>
<status status="FAIL" start="2025-03-31T01:41:46.488219" elapsed="5.176856">'5 &lt; 2' should be true.</status>
</kw>
<status status="FAIL" start="2025-03-31T01:41:46.487576" elapsed="5.177803">'5 &lt; 2' should be true.</status>
</test>
<status status="FAIL" start="2025-03-31T01:41:44.899629" elapsed="6.766713"/>
</suite>
<status status="FAIL" start="2025-03-31T01:41:44.884824" elapsed="6.782549"/>
</suite>
<statistics>
<total>
<stat pass="1" fail="1" skip="0">All Tests</stat>
</total>
<tag>
</tag>
<suite>
<stat name="HOUSFY" id="s1" pass="1" fail="1" skip="0">HOUSFY</stat>
<stat name="006.Performance User" id="s1-s1" pass="1" fail="1" skip="0">HOUSFY.006.Performance User</stat>
</suite>
</statistics>
<errors>
</errors>
</robot>
