<?xml version="1.0" encoding="UTF-8"?>
<robot generator="Robot 7.2.2 (Python 3.13.2 on win32)" generated="2025-03-30T23:18:44.521900" rpa="false" schemaversion="5">
<suite id="s1" name="HOUSFY" source="E:\QA\TAU\HOUSFY">
<suite id="s1-s1" name="004.problem user Part2" source="E:\QA\TAU\HOUSFY\004.problem_user_Part2.robot">
<test id="s1-s1-t1" name="Navigate to main page" line="16">
<kw name="Open Browser" owner="SeleniumLibrary">
<msg time="2025-03-30T23:18:44.751576" level="INFO">Opening browser 'Chrome' to base url 'https://www.saucedemo.com/'.</msg>
<arg>${SiteUrl}</arg>
<arg>${Browser}</arg>
<doc>Opens a new browser instance to the optional ``url``.</doc>
<status status="PASS" start="2025-03-30T23:18:44.751250" elapsed="1.701404"/>
</kw>
<status status="PASS" start="2025-03-30T23:18:44.750147" elapsed="1.702842"/>
</test>
<test id="s1-s1-t2" name="Test user login" line="19">
<kw name="Enter username">
<kw name="Input Text" owner="SeleniumLibrary">
<msg time="2025-03-30T23:18:46.455307" level="INFO">Typing text 'problem_user' into text field 'css:[data-test="username"]'.</msg>
<arg>css:[data-test="username"]</arg>
<arg>${userid}</arg>
<doc>Types the given ``text`` into the text field identified by ``locator``.</doc>
<status status="PASS" start="2025-03-30T23:18:46.454903" elapsed="0.061605"/>
</kw>
<status status="PASS" start="2025-03-30T23:18:46.454464" elapsed="0.062239"/>
</kw>
<kw name="Enter password">
<kw name="Input Password" owner="SeleniumLibrary">
<msg time="2025-03-30T23:18:46.517853" level="INFO">Typing password into text field 'css:[data-test="password"]'.</msg>
<msg time="2025-03-30T23:18:46.536425" level="INFO">Temporally setting log level to: NONE</msg>
<arg>css:[data-test="password"]</arg>
<arg>${password}</arg>
<doc>Types the given password into the text field identified by ``locator``.</doc>
<status status="PASS" start="2025-03-30T23:18:46.517480" elapsed="0.047828"/>
</kw>
<status status="PASS" start="2025-03-30T23:18:46.516985" elapsed="0.048510"/>
</kw>
<status status="PASS" start="2025-03-30T23:18:46.453762" elapsed="0.112064"/>
</test>
<test id="s1-s1-t3" name="Navigate to item galery" line="23">
<kw name="Click login button">
<kw name="Click Button" owner="SeleniumLibrary">
<msg time="2025-03-30T23:18:46.567779" level="INFO">Clicking button 'css:[data-test="login-button"]'.</msg>
<arg>css:[data-test="login-button"]</arg>
<doc>Clicks the button identified by ``locator``.</doc>
<status status="PASS" start="2025-03-30T23:18:46.567516" elapsed="0.053847"/>
</kw>
<status status="PASS" start="2025-03-30T23:18:46.567166" elapsed="0.054388"/>
</kw>
<status status="PASS" start="2025-03-30T23:18:46.566577" elapsed="0.055306"/>
</test>
<test id="s1-s1-t4" name="Add item to shopping cart" line="26">
<kw name="Add to cart item">
<kw name="Click Button" owner="SeleniumLibrary">
<msg time="2025-03-30T23:18:46.623940" level="INFO">Clicking button 'css:[data-test="add-to-cart-sauce-labs-backpack"]'.</msg>
<arg>css:[data-test="add-to-cart-sauce-labs-backpack"]</arg>
<doc>Clicks the button identified by ``locator``.</doc>
<status status="PASS" start="2025-03-30T23:18:46.623697" elapsed="0.039814"/>
</kw>
<kw name="Sleep" owner="BuiltIn">
<msg time="2025-03-30T23:18:51.664185" level="INFO">Slept 5 seconds.</msg>
<arg>5s</arg>
<doc>Pauses the test executed for the given time.</doc>
<status status="PASS" start="2025-03-30T23:18:46.663725" elapsed="5.000795"/>
</kw>
<status status="PASS" start="2025-03-30T23:18:46.623345" elapsed="5.041337"/>
</kw>
<kw name="Check cart items quantity">
<kw name="Wait Until Element Is Visible" owner="SeleniumLibrary">
<arg>${cart icon}</arg>
<doc>Waits until the element ``locator`` is visible.</doc>
<status status="PASS" start="2025-03-30T23:18:51.665398" elapsed="0.011136"/>
</kw>
<kw name="Get Text" owner="SeleniumLibrary">
<msg time="2025-03-30T23:18:51.687210" level="INFO">${cart number} = 1</msg>
<var>${cart number}</var>
<arg>${cart icon}</arg>
<doc>Returns the text value of the element identified by ``locator``.</doc>
<status status="PASS" start="2025-03-30T23:18:51.676735" elapsed="0.010610"/>
</kw>
<kw name="Should Be Equal As Numbers" owner="BuiltIn">
<arg>${cart number}</arg>
<arg>${wanted number}</arg>
<doc>Fails if objects are unequal after converting them to real numbers.</doc>
<status status="PASS" start="2025-03-30T23:18:51.687503" elapsed="0.000397"/>
</kw>
<status status="PASS" start="2025-03-30T23:18:51.665016" elapsed="0.022979"/>
</kw>
<status status="PASS" start="2025-03-30T23:18:46.622692" elapsed="5.065507"/>
</test>
<test id="s1-s1-t5" name="Navigate to shopping cart" line="30">
<kw name="Navigate to shopping cart">
<kw name="Click Link" owner="SeleniumLibrary">
<msg time="2025-03-30T23:18:51.689910" level="INFO">Clicking link 'css:[data-test="shopping-cart-link"]'.</msg>
<arg>css:[data-test="shopping-cart-link"]</arg>
<doc>Clicks a link identified by ``locator``.</doc>
<status status="PASS" start="2025-03-30T23:18:51.689690" elapsed="0.036072"/>
</kw>
<status status="PASS" start="2025-03-30T23:18:51.689383" elapsed="0.036524"/>
</kw>
<kw name="Check item added">
<kw name="Wait Until Element Is Visible" owner="SeleniumLibrary">
<arg>css:[data-test="inventory-item"]</arg>
<doc>Waits until the element ``locator`` is visible.</doc>
<status status="PASS" start="2025-03-30T23:18:51.726453" elapsed="0.011096"/>
</kw>
<status status="PASS" start="2025-03-30T23:18:51.726138" elapsed="0.011559"/>
</kw>
<status status="PASS" start="2025-03-30T23:18:51.688826" elapsed="0.049081"/>
</test>
<test id="s1-s1-t6" name="Navigate to Checkout page" line="34">
<kw name="Click checkout button">
<kw name="Click Button" owner="SeleniumLibrary">
<msg time="2025-03-30T23:18:51.739727" level="INFO">Clicking button 'css:[data-test="checkout"]'.</msg>
<arg>css:[data-test="checkout"]</arg>
<doc>Clicks the button identified by ``locator``.</doc>
<status status="PASS" start="2025-03-30T23:18:51.739490" elapsed="0.039389"/>
</kw>
<status status="PASS" start="2025-03-30T23:18:51.739177" elapsed="0.039869"/>
</kw>
<status status="PASS" start="2025-03-30T23:18:51.738573" elapsed="0.040692"/>
</test>
<test id="s1-s1-t7" name="Add Your Information Data" line="37">
<kw name="Enter personal data">
<kw name="Input Text" owner="SeleniumLibrary">
<msg time="2025-03-30T23:18:51.781092" level="INFO">Typing text 'Circenn' into text field 'css:[data-test="firstName"]'.</msg>
<arg>css:[data-test="firstName"]</arg>
<arg>${firstname}</arg>
<doc>Types the given ``text`` into the text field identified by ``locator``.</doc>
<status status="PASS" start="2025-03-30T23:18:51.780840" elapsed="0.043125"/>
</kw>
<kw name="Input Text" owner="SeleniumLibrary">
<msg time="2025-03-30T23:18:51.824518" level="INFO">Typing text 'Gomez' into text field 'css:[data-test="lastName"]'.</msg>
<arg>css:[data-test="lastName"]</arg>
<arg>${lastname}</arg>
<doc>Types the given ``text`` into the text field identified by ``locator``.</doc>
<status status="PASS" start="2025-03-30T23:18:51.824177" elapsed="0.041159"/>
</kw>
<kw name="Input Text" owner="SeleniumLibrary">
<msg time="2025-03-30T23:18:51.865881" level="INFO">Typing text '08015' into text field 'css:[data-test="postalCode"]'.</msg>
<arg>css:[data-test="postalCode"]</arg>
<arg>${poscode}</arg>
<doc>Types the given ``text`` into the text field identified by ``locator``.</doc>
<status status="PASS" start="2025-03-30T23:18:51.865537" elapsed="0.036400"/>
</kw>
<kw name="Click Button" owner="SeleniumLibrary">
<msg time="2025-03-30T23:18:51.902383" level="INFO">Clicking button 'css:[data-test="continue"]'.</msg>
<arg>css:[data-test="continue"]</arg>
<doc>Clicks the button identified by ``locator``.</doc>
<status status="PASS" start="2025-03-30T23:18:51.902103" elapsed="0.037197"/>
</kw>
<status status="PASS" start="2025-03-30T23:18:51.780552" elapsed="0.158910"/>
</kw>
<status status="PASS" start="2025-03-30T23:18:51.779987" elapsed="0.159716"/>
</test>
<test id="s1-s1-t8" name="Check order and Finish" line="40">
<kw name="Check order">
<kw name="Wait Until Element Is Visible" owner="SeleniumLibrary">
<msg time="2025-03-30T23:18:57.116774" level="INFO" html="true">&lt;/td&gt;&lt;/tr&gt;&lt;tr&gt;&lt;td colspan="3"&gt;&lt;a href="selenium-screenshot-9.png"&gt;&lt;img src="selenium-screenshot-9.png" width="800px"&gt;&lt;/a&gt;</msg>
<msg time="2025-03-30T23:18:57.117017" level="FAIL">Element 'css:[data-test="inventory-item"]' not visible after 5 seconds.</msg>
<arg>css:[data-test="inventory-item"]</arg>
<doc>Waits until the element ``locator`` is visible.</doc>
<status status="FAIL" start="2025-03-30T23:18:51.941441" elapsed="5.177929">Element 'css:[data-test="inventory-item"]' not visible after 5 seconds.</status>
</kw>
<status status="FAIL" start="2025-03-30T23:18:51.941062" elapsed="5.178508">Element 'css:[data-test="inventory-item"]' not visible after 5 seconds.</status>
</kw>
<kw name="Finish order">
<status status="NOT RUN" start="2025-03-30T23:18:57.119840" elapsed="0.000133"/>
</kw>
<status status="FAIL" start="2025-03-30T23:18:51.940478" elapsed="5.179711">Element 'css:[data-test="inventory-item"]' not visible after 5 seconds.</status>
</test>
<status status="FAIL" start="2025-03-30T23:18:44.540875" elapsed="12.580354"/>
</suite>
<status status="FAIL" start="2025-03-30T23:18:44.524968" elapsed="12.597314"/>
</suite>
<statistics>
<total>
<stat pass="7" fail="1" skip="0">All Tests</stat>
</total>
<tag>
</tag>
<suite>
<stat name="HOUSFY" id="s1" pass="7" fail="1" skip="0">HOUSFY</stat>
<stat name="004.problem user Part2" id="s1-s1" pass="7" fail="1" skip="0">HOUSFY.004.problem user Part2</stat>
</suite>
</statistics>
<errors>
</errors>
</robot>
